<?xml version="1.0" encoding="UTF-8"?>
<robot generator="Robot 7.0.1 (Python 3.12.4 on win32)" generated="2024-08-23T16:07:26.120905" rpa="false" schemaversion="5">
<suite id="s1" name="Buttons" source="D:\Users\yenifer.alfaro\RF_Nivel1\RFramework_Udemy\Test_Case\Buttons.robot">
<test id="s1-t1" name="Practica Primer Nivel ComboBox" line="48">
<kw name="Open Browser" owner="SeleniumLibrary">
<msg time="2024-08-23T16:07:26.259719" level="INFO">Opening browser 'chrome' to base url 'https://demoqa.com/select-menu'.</msg>
<msg time="2024-08-23T16:07:26.662470" level="WARN">The chromedriver version (126.0.6478.126) detected in PATH at C:\Chromedriver\chromedriver\chromedriver.exe might not be compatible with the detected chrome version (127.0.6533.120); currently, chromedriver 127.0.6533.119 is recommended for chrome 127.*, so it is advised to delete the driver in PATH and retry</msg>
<arg>https://demoqa.com/select-menu</arg>
<arg>${BROWSER}</arg>
<doc>Opens a new browser instance to the optional ``url``.</doc>
<status status="PASS" start="2024-08-23T16:07:26.259719" elapsed="23.996919"/>
</kw>
<kw name="Maximize Browser Window" owner="SeleniumLibrary">
<doc>Maximizes current browser window.</doc>
<status status="PASS" start="2024-08-23T16:07:50.257405" elapsed="0.023141"/>
</kw>
<kw name="Title Should Be" owner="SeleniumLibrary">
<msg time="2024-08-23T16:07:50.292340" level="INFO">Page title is 'DEMOQA'.</msg>
<arg>DEMOQA</arg>
<doc>Verifies that the current page title equals ``title``.</doc>
<status status="PASS" start="2024-08-23T16:07:50.281593" elapsed="0.010747"/>
</kw>
<kw name="Sleep" owner="BuiltIn">
<msg time="2024-08-23T16:07:51.294028" level="INFO">Slept 1 second.</msg>
<arg>1</arg>
<doc>Pauses the test executed for the given time.</doc>
<status status="PASS" start="2024-08-23T16:07:50.293347" elapsed="1.000681"/>
</kw>
<kw name="Wait Until Element Is Visible" owner="SeleniumLibrary">
<arg>Xpath=(//div[contains(@class,' css-tlfecz-indicatorContainer')])[1]</arg>
<arg>2s</arg>
<doc>Waits until the element ``locator`` is visible.</doc>
<status status="PASS" start="2024-08-23T16:07:51.294977" elapsed="0.044240"/>
</kw>
<kw name="Click Element" owner="SeleniumLibrary">
<msg time="2024-08-23T16:07:51.340219" level="INFO">Clicking element 'Xpath=(//div[contains(@class,' css-tlfecz-indicatorContainer')])[1]'.</msg>
<arg>Xpath=(//div[contains(@class,' css-tlfecz-indicatorContainer')])[1]</arg>
<doc>Click the element identified by ``locator``.</doc>
<status status="PASS" start="2024-08-23T16:07:51.340219" elapsed="0.059400"/>
</kw>
<kw name="Sleep" owner="BuiltIn">
<msg time="2024-08-23T16:07:51.900172" level="INFO">Slept 500 milliseconds.</msg>
<arg>0.5</arg>
<doc>Pauses the test executed for the given time.</doc>
<status status="PASS" start="2024-08-23T16:07:51.400118" elapsed="0.500054"/>
</kw>
<kw name="Wait Until Element Is Visible" owner="SeleniumLibrary">
<arg>xpath=//div[text()='Group 1, option 1']</arg>
<arg>10s</arg>
<doc>Waits until the element ``locator`` is visible.</doc>
<status status="PASS" start="2024-08-23T16:07:51.900522" elapsed="0.032385"/>
</kw>
<kw name="Click Element" owner="SeleniumLibrary">
<msg time="2024-08-23T16:07:51.933908" level="INFO">Clicking element 'xpath=//div[text()='Group 1, option 1']'.</msg>
<arg>xpath=//div[text()='Group 1, option 1']</arg>
<doc>Click the element identified by ``locator``.</doc>
<status status="PASS" start="2024-08-23T16:07:51.933408" elapsed="0.057037"/>
</kw>
<kw name="Sleep" owner="BuiltIn">
<msg time="2024-08-23T16:07:53.991873" level="INFO">Slept 2 seconds.</msg>
<arg>2</arg>
<doc>Pauses the test executed for the given time.</doc>
<status status="PASS" start="2024-08-23T16:07:51.991444" elapsed="2.000429"/>
</kw>
<kw name="Close Browser" owner="SeleniumLibrary">
<doc>Closes the current browser.</doc>
<status status="PASS" start="2024-08-23T16:07:53.992895" elapsed="2.189242"/>
</kw>
<doc>ComboBox</doc>
<tag>test_ComboB</tag>
<status status="PASS" start="2024-08-23T16:07:26.258717" elapsed="29.924636"/>
</test>
<status status="PASS" start="2024-08-23T16:07:26.121906" elapsed="30.064527"/>
</suite>
<statistics>
<total>
<stat pass="1" fail="0" skip="0">All Tests</stat>
</total>
<tag>
<stat pass="1" fail="0" skip="0">test_ComboB</stat>
</tag>
<suite>
<stat pass="1" fail="0" skip="0" id="s1" name="Buttons">Buttons</stat>
</suite>
</statistics>
<errors>
<msg time="2024-08-23T16:07:26.662470" level="WARN">The chromedriver version (126.0.6478.126) detected in PATH at C:\Chromedriver\chromedriver\chromedriver.exe might not be compatible with the detected chrome version (127.0.6533.120); currently, chromedriver 127.0.6533.119 is recommended for chrome 127.*, so it is advised to delete the driver in PATH and retry</msg>
</errors>
</robot>
