<?xml version="1.0" encoding="UTF-8"?>
<robot generator="Robot 7.0.1 (Python 3.12.4 on win32)" generated="2024-08-29T09:34:50.528755" rpa="false" schemaversion="5">
<suite id="s1" name="Condicionales" source="D:\Users\yenifer.alfaro\RF_Nivel1\RFramework_Udemy\level_3\Condicionales.robot">
<test id="s1-t1" name="Practica condicional" line="11">
<kw name="Get Value From User" owner="Dialogs">
<msg time="2024-08-29T09:34:51.830303" level="INFO">${nom} = ikjpo</msg>
<var>${nom}</var>
<arg>Dame tu nombre</arg>
<doc>Pauses execution and asks user to input a value.</doc>
<status status="PASS" start="2024-08-29T09:34:50.695315" elapsed="1.134988"/>
</kw>
<if>
<branch type="IF" condition="'${nom}' == 'maria'">
<kw name="Log To Console" owner="BuiltIn">
<arg>Hola Maria</arg>
<doc>Logs the given message to the console.</doc>
<status status="NOT RUN" start="2024-08-29T09:34:51.831348" elapsed="0.000000"/>
</kw>
<kw name="abrir navegador" owner="Keywords_BasicForm">
<status status="NOT RUN" start="2024-08-29T09:34:51.831958" elapsed="0.000000"/>
</kw>
<kw name="Sleep" owner="BuiltIn">
<arg>2</arg>
<doc>Pauses the test executed for the given time.</doc>
<status status="NOT RUN" start="2024-08-29T09:34:51.831958" elapsed="0.000000"/>
</kw>
<kw name="Close Browser" owner="SeleniumLibrary">
<doc>Closes the current browser.</doc>
<status status="NOT RUN" start="2024-08-29T09:34:51.831958" elapsed="0.000000"/>
</kw>
<status status="NOT RUN" start="2024-08-29T09:34:51.830848" elapsed="0.001110"/>
</branch>
<branch type="ELSE IF" condition="'${nom}' == 'juan'">
<kw name="Log To Console" owner="BuiltIn">
<arg>Hola Juan</arg>
<doc>Logs the given message to the console.</doc>
<status status="NOT RUN" start="2024-08-29T09:34:51.832556" elapsed="0.000000"/>
</kw>
<status status="NOT RUN" start="2024-08-29T09:34:51.832459" elapsed="0.000097"/>
</branch>
<branch type="ELSE">
<kw name="Log To Console" owner="BuiltIn">
<arg>No te conozco</arg>
<doc>Logs the given message to the console.</doc>
<status status="PASS" start="2024-08-29T09:34:51.832556" elapsed="0.000537"/>
</kw>
<status status="PASS" start="2024-08-29T09:34:51.832556" elapsed="0.000537"/>
</branch>
<status status="PASS" start="2024-08-29T09:34:51.830848" elapsed="0.002245"/>
</if>
<doc>practica condicional</doc>
<tag>TC1</tag>
<status status="PASS" start="2024-08-29T09:34:50.694322" elapsed="1.139327"/>
</test>
<status status="PASS" start="2024-08-29T09:34:50.530755" elapsed="1.303553"/>
</suite>
<statistics>
<total>
<stat pass="1" fail="0" skip="0">All Tests</stat>
</total>
<tag>
<stat pass="1" fail="0" skip="0">TC1</stat>
</tag>
<suite>
<stat pass="1" fail="0" skip="0" id="s1" name="Condicionales">Condicionales</stat>
</suite>
</statistics>
<errors>
</errors>
</robot>
